  stdafx.cpp
  Board.cpp
  Carcassonne.cpp
Carcassonne.cpp(305): warning C4244: 'initializing': conversion from 'std::chrono::system_clock::rep' to 'unsigned int', possible loss of data
Carcassonne.cpp(413): warning C4244: 'argument': conversion from 'const float' to 'unsigned int', possible loss of data
Carcassonne.cpp(417): warning C4244: 'argument': conversion from 'const float' to 'unsigned int', possible loss of data
Carcassonne.cpp(482): warning C4244: 'initializing': conversion from 'float' to 'int', possible loss of data
Carcassonne.cpp(488): warning C4018: '<': signed/unsigned mismatch
Carcassonne.cpp(490): warning C4244: 'initializing': conversion from 'float' to 'int', possible loss of data
Carcassonne.cpp(532): warning C4018: '<': signed/unsigned mismatch
Carcassonne.cpp(542): warning C4018: '<': signed/unsigned mismatch
  Engine.cpp
  Game.cpp
  GameObject.cpp
  MouseHandler.cpp
  Pawn.cpp
  Player.cpp
  Prop.cpp
  EmptyField.cpp
  Tile.cpp
  TileVector.cpp
  Generating code
  All 1621 functions were compiled because no usable IPDB/IOBJ from previous compilation was found.
  Finished generating code
  Carcassonne.vcxproj -> C:\Users\Piotr_2\Source\Repos\CarcassonneGame\Release\Carcassonne.exe
