c:\users\piotr_2\source\repos\carcassonne\carcassonne\debug\carcassonne.pch
c:\users\piotr_2\source\repos\carcassonne\carcassonne\debug\vc141.pdb
c:\users\piotr_2\source\repos\carcassonne\carcassonne\debug\vc141.idb
c:\users\piotr_2\source\repos\carcassonne\carcassonne\debug\stdafx.obj
c:\users\piotr_2\source\repos\carcassonne\carcassonne\debug\board.obj
c:\users\piotr_2\source\repos\carcassonne\carcassonne\debug\carcassonne.obj
c:\users\piotr_2\source\repos\carcassonne\carcassonne\debug\game.obj
c:\users\piotr_2\source\repos\carcassonne\carcassonne\debug\gameobject.obj
c:\users\piotr_2\source\repos\carcassonne\carcassonne\debug\mousehandler.obj
c:\users\piotr_2\source\repos\carcassonne\carcassonne\debug\player.obj
c:\users\piotr_2\source\repos\carcassonne\carcassonne\debug\prop.obj
c:\users\piotr_2\source\repos\carcassonne\carcassonne\debug\emptyfield.obj
c:\users\piotr_2\source\repos\carcassonne\carcassonne\debug\tile.obj
c:\users\piotr_2\source\repos\carcassonne\carcassonne\debug\tilevector.obj
c:\users\piotr_2\source\repos\carcassonne\carcassonne\debug\engine.obj
c:\users\piotr_2\source\repos\carcassonne\debug\carcassonne.exe
c:\users\piotr_2\source\repos\carcassonne\debug\carcassonne.ilk
c:\users\piotr_2\source\repos\carcassonne\debug\carcassonne.pdb
c:\users\piotr_2\source\repos\carcassonne\carcassonne\debug\carcassonne.res
c:\users\piotr_2\source\repos\carcassonne\carcassonne\debug\carcassonne.tlog\cl.command.1.tlog
c:\users\piotr_2\source\repos\carcassonne\carcassonne\debug\carcassonne.tlog\cl.read.1.tlog
c:\users\piotr_2\source\repos\carcassonne\carcassonne\debug\carcassonne.tlog\cl.write.1.tlog
c:\users\piotr_2\source\repos\carcassonne\carcassonne\debug\carcassonne.tlog\link.command.1.tlog
c:\users\piotr_2\source\repos\carcassonne\carcassonne\debug\carcassonne.tlog\link.read.1.tlog
c:\users\piotr_2\source\repos\carcassonne\carcassonne\debug\carcassonne.tlog\link.write.1.tlog
c:\users\piotr_2\source\repos\carcassonne\carcassonne\debug\carcassonne.tlog\rc.command.1.tlog
c:\users\piotr_2\source\repos\carcassonne\carcassonne\debug\carcassonne.tlog\rc.read.1.tlog
c:\users\piotr_2\source\repos\carcassonne\carcassonne\debug\carcassonne.tlog\rc.write.1.tlog
